<?xml version="1.0" encoding="UTF-8"?>
<!-- Generated by org.testng.reporters.JUnitReportReporter -->
<testsuite hostname="SagarNivekar" failures="0" tests="1" name="test_execution.testLogOutFunctonality" time="8.625" errors="0" timestamp="2025-02-14T22:37:35 IST" skipped="0">
  <testcase classname="test_execution.testLogOutFunctonality" name="dashboardTestCases" time="8.625"/>
  <system-out/>
</testsuite> <!-- test_execution.testLogOutFunctonality -->
