<?xml version="1.0" encoding="UTF-8"?>
<!-- Generated by org.testng.reporters.JUnitReportReporter -->
<testsuite hostname="SagarNivekar" failures="0" tests="1" name="test_execution.testUsefulLinks" time="12.795" errors="0" timestamp="2025-02-17T00:27:48 IST" skipped="0">
  <testcase classname="test_execution.testUsefulLinks" name="dashboardTestCases" time="12.795"/>
  <system-out/>
</testsuite> <!-- test_execution.testUsefulLinks -->
