<?xml version="1.0" encoding="UTF-8"?>
<!-- Generated by org.testng.reporters.JUnitReportReporter -->
<testsuite hostname="SagarNivekar" failures="0" tests="1" name="test_execution.testUserDeleteButton" time="4.123" errors="0" timestamp="2025-02-24T20:29:25 IST" skipped="0">
  <testcase classname="test_execution.testUserDeleteButton" name="dashboardTestCases" time="4.123"/>
  <system-out/>
</testsuite> <!-- test_execution.testUserDeleteButton -->
