<?xml version="1.0" encoding="UTF-8"?>
<!-- Generated by org.testng.reporters.JUnitReportReporter -->
<testsuite hostname="SagarNivekar" failures="0" tests="1" name="test_execution.testDashboard" time="4.289" errors="0" timestamp="2025-02-24T20:28:35 IST" skipped="0">
  <testcase classname="test_execution.testDashboard" name="dashboardTestCases" time="4.289"/>
  <system-out/>
</testsuite> <!-- test_execution.testDashboard -->
