<?xml version="1.0" encoding="UTF-8"?>
<!-- Generated by org.testng.reporters.JUnitReportReporter -->
<testsuite hostname="SagarNivekar" failures="0" tests="1" name="test_execution.testUserAddUserFunctionality" time="6.855" errors="0" timestamp="2025-02-16T21:16:45 IST" skipped="0">
  <testcase classname="test_execution.testUserAddUserFunctionality" name="dashboardTestCases" time="6.855"/>
</testsuite> <!-- test_execution.testUserAddUserFunctionality -->
