<?xml version="1.0" encoding="UTF-8"?>
<!-- Generated by org.testng.reporters.JUnitReportReporter -->
<testsuite hostname="SagarNivekar" failures="0" tests="1" name="test_execution.testOpertorList" time="6.252" errors="0" timestamp="2025-02-16T22:07:42 IST" skipped="0">
  <testcase classname="test_execution.testOpertorList" name="dashboardTestCases" time="6.252"/>
  <system-out/>
</testsuite> <!-- test_execution.testOpertorList -->
